<?xml version="1.0" encoding="UTF-8"?>
<testsuite xmlns:xsi="http://www.w3.org/2001/XMLSchema-instance" xsi:noNamespaceSchemaLocation="https://maven.apache.org/surefire/maven-surefire-plugin/xsd/surefire-test-report-3.0.xsd" version="3.0" name="com.spartan.runners.CukesRunner" time="5.241" tests="5" errors="0" skipped="0" failures="0">
  <properties>
[...]
</properties>
  <testcase name="Get the list of all Spartans" classname="User needs to able to perform CRUD operations with spartans" time="1.744"/>
  <testcase name="Create 1 spartan" classname="User needs to able to perform CRUD operations with spartans" time="0.565">
    <system-out><![CDATA[HTTP/1.1 201 
Location: http://54.211.84.13:8000/api/spartans/133
Content-Type: application/json
Transfer-Encoding: chunked
Date: Sun, 31 Jan 2021 05:11:56 GMT
Keep-Alive: timeout=60
Connection: keep-alive

{
    "success": "A Spartan is Born!",
    "data": {
        "id": 133,
        "name": "Cody",
        "gender": "Male",
        "phone": 3540604519
    }
}
actualStatusCode = 201
]]></system-out>
  </testcase>
  <testcase name="PUT spartan that was created with POST request" classname="User needs to able to perform CRUD operations with spartans" time="0.172">
    <system-out><![CDATA[Request method:	PUT
Request URI:	http://54.211.84.13:8000/api/spartans/133
Proxy:			<none>
Request params:	<none>
Query params:	<none>
Form params:	<none>
Path params:	<none>
Headers:		Accept=*/*
				Content-Type=application/json; charset=UTF-8
Cookies:		<none>
Multiparts:		<none>
Body:
{
    "name": "Adrianna",
    "gender": "Female",
    "phone": 7069124485
}
HTTP/1.1 204 
Date: Sun, 31 Jan 2021 05:11:57 GMT
Keep-Alive: timeout=60
Connection: keep-alive
actualStatusCode = 204
]]></system-out>
  </testcase>
  <testcase name="PATCH spartan that was created with POST request" classname="User needs to able to perform CRUD operations with spartans" time="0.125">
    <system-out><![CDATA[actualStatusCode = 204
]]></system-out>
  </testcase>
  <testcase name="DELETE spartan that was created with POST request" classname="User needs to able to perform CRUD operations with spartans" time="0.15">
    <system-out><![CDATA[actualStatusCode = 204
]]></system-out>
  </testcase>
</testsuite>